<?xml version="1.0" encoding="UTF-8"?>
<!-- Generated by org.testng.reporters.JUnitXMLReporter -->
<testsuite ignored="0" hostname="DESKTOP-2SEOHB6" failures="0" tests="4" name="Test" time="0.3" errors="0" timestamp="2024-11-11T02:19:49 GMT-08:00">
  <testcase classname="testBase.BaseClass" name="@BeforeClass setUp" time="-1.731320389051E9">
    <failure type="org.testng.TestNGException" message="
Parameter &amp;apos;OS&amp;apos; is required by BeforeClass on method setUp but has not been marked @Optional or defined
in C:\Users\DELL\eclipse-workspace\OpenCardTesting\openCart.xml">
      <![CDATA[org.testng.TestNGException: 
Parameter 'OS' is required by BeforeClass on method setUp but has not been marked @Optional or defined
in C:\Users\DELL\eclipse-workspace\OpenCardTesting\openCart.xml
at java.base/java.util.ArrayList.forEach(ArrayList.java:1596)
... Removed 22 stack frames]]>
    </failure>
  </testcase> <!-- @BeforeClass setUp -->
  <testcase classname="testBase.BaseClass" name="@AfterClass tearDown" time="0.0">
    <skipped/>
  </testcase> <!-- @AfterClass tearDown -->
  <testcase classname="testBase.BaseClass" name="@BeforeClass setUp" time="-1.731320389098E9">
    <failure type="org.testng.TestNGException" message="
Parameter &amp;apos;OS&amp;apos; is required by BeforeClass on method setUp but has not been marked @Optional or defined
in C:\Users\DELL\eclipse-workspace\OpenCardTesting\openCart.xml">
      <![CDATA[org.testng.TestNGException: 
Parameter 'OS' is required by BeforeClass on method setUp but has not been marked @Optional or defined
in C:\Users\DELL\eclipse-workspace\OpenCardTesting\openCart.xml
at java.base/java.util.ArrayList.forEach(ArrayList.java:1596)
... Removed 22 stack frames]]>
    </failure>
  </testcase> <!-- @BeforeClass setUp -->
  <testcase classname="testBase.BaseClass" name="@AfterClass tearDown" time="0.0">
    <skipped/>
  </testcase> <!-- @AfterClass tearDown -->
  <testcase classname="TestCases.TCC001_AccountRegisterPage" name="TestRegister" time="0.0">
    <skipped/>
  </testcase> <!-- TestRegister -->
  <testcase classname="TestCases.TC002_LoginTest" name="LoginTest" time="0.0">
    <skipped/>
  </testcase> <!-- LoginTest -->
  <testcase classname="TestCases.TC002_LoginTest" name="LoginTest" time="0.0">
    <skipped/>
  </testcase> <!-- LoginTest -->
  <testcase classname="TestCases.TC002_LoginTest" name="LoginTest" time="0.0">
    <skipped/>
  </testcase> <!-- LoginTest -->
</testsuite> <!-- Test -->
