04:15:40:731 [main] INFO  org.testng.internal.Utils - [TestNG] Running:
  C:\Users\DELL\eclipse-workspace\OpenCardTesting\openCart.xml

04:15:47:135 [main] INFO  TestCases.TCC001_AccountRegisterPage - ****Starting TCC001_AccountRegisterPage.......****
04:15:47:151 [main] INFO  TestCases.TCC001_AccountRegisterPage - ClickOnMyAccount....
04:15:47:425 [main] INFO  TestCases.TCC001_AccountRegisterPage - ClickOnRegister....
04:15:47:748 [main] INFO  TestCases.TCC001_AccountRegisterPage - verify AccountRegistationPage....
04:15:48:238 [main] ERROR TestCases.TCC001_AccountRegisterPage - Test Is Failed
04:15:48:241 [main] INFO  TestCases.TCC001_AccountRegisterPage - *****FINISHED TCC001_AccountRegisterPage....
04:17:29:779 [main] INFO  org.testng.internal.Utils - [Utils] MethodGroupsHelper.collectMethodsByGroup() took 0 ms.
04:17:29:783 [main] INFO  org.testng.internal.Utils - [Utils] MethodGroupsHelper.sortMethods() took 1 ms.
04:17:29:784 [main] INFO  org.testng.internal.Utils - [Utils] MethodGroupsHelper.collectMethodsByGroup() took 0 ms.
04:17:29:784 [main] INFO  org.testng.internal.Utils - [Utils] MethodGroupsHelper.sortMethods() took 0 ms.
04:17:29:785 [main] INFO  org.testng.internal.Utils - [Utils] MethodGroupsHelper.collectMethodsByGroup() took 0 ms.
04:17:29:785 [main] INFO  org.testng.internal.Utils - [Utils] MethodGroupsHelper.sortMethods() took 0 ms.
04:17:29:785 [main] INFO  org.testng.internal.Utils - [Utils] MethodGroupsHelper.collectMethodsByGroup() took 0 ms.
04:17:29:785 [main] INFO  org.testng.internal.Utils - [Utils] MethodGroupsHelper.sortMethods() took 0 ms.
04:17:29:789 [main] INFO  org.testng.internal.Utils - [Utils] MethodGroupsHelper.collectMethodsByGroup() took 2 ms.
04:17:29:796 [main] INFO  org.testng.internal.Utils - [Utils] MethodGroupsHelper.sortMethods() took 6 ms.
04:17:29:797 [main] INFO  org.testng.internal.Utils - [Utils] MethodGroupsHelper.collectMethodsByGroup() took 0 ms.
04:17:29:797 [main] INFO  org.testng.internal.Utils - [Utils] MethodGroupsHelper.sortMethods() took 0 ms.
04:17:29:798 [main] INFO  org.testng.internal.Utils - [Utils] MethodGroupsHelper.collectMethodsByGroup() took 0 ms.
04:17:29:798 [main] INFO  org.testng.internal.Utils - [Utils] MethodGroupsHelper.sortMethods() took 0 ms.
04:17:29:798 [main] INFO  org.testng.internal.Utils - [Utils] MethodGroupsHelper.collectMethodsByGroup() took 0 ms.
04:17:29:798 [main] INFO  org.testng.internal.Utils - [Utils] MethodGroupsHelper.sortMethods() took 0 ms.
04:17:29:800 [main] INFO  org.testng.internal.Utils - [Utils] MethodGroupsHelper.collectMethodsByGroup() took 0 ms.
04:17:29:800 [main] INFO  org.testng.internal.Utils - [Utils] MethodGroupsHelper.sortMethods() took 0 ms.
04:17:29:800 [main] INFO  org.testng.internal.Utils - [Utils] MethodGroupsHelper.collectMethodsByGroup() took 0 ms.
04:17:29:800 [main] INFO  org.testng.internal.Utils - [Utils] MethodGroupsHelper.sortMethods() took 0 ms.
04:17:29:802 [main] INFO  org.testng.internal.Utils - [Utils] MethodGroupsHelper.collectMethodsByGroup() took 0 ms.
04:17:29:802 [main] INFO  org.testng.internal.Utils - [Utils] MethodGroupsHelper.sortMethods() took 0 ms.
04:17:29:802 [main] INFO  org.testng.internal.Utils - [Utils] MethodGroupsHelper.collectMethodsByGroup() took 0 ms.
04:17:29:802 [main] INFO  org.testng.internal.Utils - [Utils] MethodGroupsHelper.sortMethods() took 0 ms.
04:17:29:803 [main] INFO  org.testng.internal.Utils - [Utils] MethodGroupsHelper.collectMethodsByGroup() took 1 ms.
04:17:29:803 [main] INFO  org.testng.internal.Utils - [Utils] MethodGroupsHelper.sortMethods() took 0 ms.
04:17:29:804 [main] INFO  org.testng.internal.Utils - [Utils] MethodGroupsHelper.collectMethodsByGroup() took 0 ms.
04:17:29:804 [main] INFO  org.testng.internal.Utils - [Utils] MethodGroupsHelper.sortMethods() took 0 ms.
04:17:29:804 [main] INFO  org.testng.internal.Utils - [Utils] MethodGroupsHelper.collectMethodsByGroup() took 0 ms.
04:17:29:804 [main] INFO  org.testng.internal.Utils - [Utils] MethodGroupsHelper.sortMethods() took 0 ms.
04:17:29:809 [main] INFO  org.testng.internal.Utils - [TestNG] Running:
  C:\Users\DELL\AppData\Local\Temp\testng-eclipse--671207751\testng-customsuite.xml

04:17:29:822 [main] INFO  org.testng.internal.Utils - [Utils] DynamicGraphHelper.createDynamicGraph() took 2 ms.
04:17:32:509 [main] INFO  TestCases.TCC001_AccountRegisterPage - ****Starting TCC001_AccountRegisterPage.......****
04:17:32:523 [main] INFO  TestCases.TCC001_AccountRegisterPage - ClickOnMyAccount....
04:17:32:704 [main] INFO  TestCases.TCC001_AccountRegisterPage - ClickOnRegister....
04:17:33:053 [main] INFO  TestCases.TCC001_AccountRegisterPage - verify AccountRegistationPage....
04:17:33:537 [main] ERROR TestCases.TCC001_AccountRegisterPage - Test Is Failed
04:17:33:537 [main] INFO  TestCases.TCC001_AccountRegisterPage - *****FINISHED TCC001_AccountRegisterPage....
04:17:33:803 [main] INFO  org.testng.internal.Utils - [TestNG] Time taken by org.testng.reporters.jq.Main@5e9456ae: 67 ms
04:17:33:803 [main] INFO  org.testng.internal.Utils - [TestNG] Time taken by org.testng.reporters.FailedReporter@16a9a4f1: 0 ms
04:17:33:812 [main] INFO  org.testng.internal.Utils - [TestNG] Time taken by org.testng.reporters.XMLReporter@675ffd1d: 9 ms
04:17:33:819 [main] INFO  org.testng.internal.Utils - [TestNG] Time taken by org.testng.reporters.EmailableReporter2@652ab8d9: 7 ms
04:17:33:823 [main] INFO  org.testng.internal.Utils - [TestNG] Time taken by org.testng.reporters.JUnitReportReporter@5f13be1: 3 ms
04:17:33:823 [main] INFO  org.testng.internal.Utils - [TestNG] Time taken by org.testng.internal.ExitCodeListener@5f303ecd: 0 ms
04:22:56:152 [main] INFO  org.testng.internal.Utils - [TestNG] Running:
  C:\Users\DELL\eclipse-workspace\OpenCardTesting\openCart.xml

04:22:59:589 [main] INFO  TestCases.TCC001_AccountRegisterPage - ****Starting TCC001_AccountRegisterPage.......****
04:22:59:606 [main] INFO  TestCases.TCC001_AccountRegisterPage - ClickOnMyAccount....
04:22:59:684 [main] INFO  TestCases.TCC001_AccountRegisterPage - ClickOnRegister....
04:23:00:001 [main] INFO  TestCases.TCC001_AccountRegisterPage - verify AccountRegistationPage....
04:23:00:493 [main] ERROR TestCases.TCC001_AccountRegisterPage - Test Is Failed
04:23:00:493 [main] INFO  TestCases.TCC001_AccountRegisterPage - *****FINISHED TCC001_AccountRegisterPage....
04:30:34:986 [main] INFO  org.testng.internal.Utils - [TestNG] Running:
  C:\Users\DELL\eclipse-workspace\OpenCardTesting\openCart.xml

04:30:38:109 [main] INFO  TestCases.TCC001_AccountRegisterPage - ****Starting TCC001_AccountRegisterPage.......****
04:30:38:123 [main] INFO  TestCases.TCC001_AccountRegisterPage - ClickOnMyAccount....
04:30:38:305 [main] INFO  TestCases.TCC001_AccountRegisterPage - ClickOnRegister....
04:30:38:661 [main] INFO  TestCases.TCC001_AccountRegisterPage - verify AccountRegistationPage....
04:30:39:160 [main] ERROR TestCases.TCC001_AccountRegisterPage - Test Is Failed
04:30:39:160 [main] INFO  TestCases.TCC001_AccountRegisterPage - *****FINISHED TCC001_AccountRegisterPage....
04:46:45:206 [main] INFO  org.testng.internal.Utils - [TestNG] Running:
  C:\Users\DELL\eclipse-workspace\OpenCardTesting\openCart.xml

04:46:48:511 [main] INFO  TestCases.TCC001_AccountRegisterPage - ****Starting TCC001_AccountRegisterPage.......****
04:46:48:527 [main] INFO  TestCases.TCC001_AccountRegisterPage - ClickOnMyAccount....
04:46:48:610 [main] INFO  TestCases.TCC001_AccountRegisterPage - ClickOnRegister....
04:46:49:005 [main] INFO  TestCases.TCC001_AccountRegisterPage - verify AccountRegistationPage....
04:46:49:491 [main] ERROR TestCases.TCC001_AccountRegisterPage - Test Is Failed
04:46:49:491 [main] INFO  TestCases.TCC001_AccountRegisterPage - *****FINISHED TCC001_AccountRegisterPage....
04:46:51:282 [main] INFO  TestCases.TC002_LoginTest - ****Starting TC002_LoginTest.....***
04:46:51:284 [main] INFO  TestCases.TC002_LoginTest - ClickOnMyAccount.....
04:46:51:564 [main] INFO  TestCases.TC002_LoginTest - ClickOnLogin......
04:46:51:804 [main] INFO  TestCases.TC002_LoginTest - Enter User Details.....
04:46:52:385 [main] INFO  TestCases.TC002_LoginTest - ****FINISHED TC002_LoginTest.....***
04:57:28:941 [main] INFO  org.testng.internal.Utils - [TestNG] Running:
  C:\Users\DELL\eclipse-workspace\OpenCardTesting\CrossBrowser.xml

04:58:59:633 [main] INFO  org.testng.internal.Utils - [TestNG] Running:
  C:\Users\DELL\eclipse-workspace\OpenCardTesting\CrossBrowser.xml

04:59:02:122 [main] INFO  TestCases.TCC001_AccountRegisterPage - ****Starting TCC001_AccountRegisterPage.......****
04:59:02:140 [main] INFO  TestCases.TCC001_AccountRegisterPage - ClickOnMyAccount....
04:59:02:281 [main] INFO  TestCases.TCC001_AccountRegisterPage - ClickOnRegister....
04:59:02:645 [main] INFO  TestCases.TCC001_AccountRegisterPage - verify AccountRegistationPage....
04:59:03:126 [main] ERROR TestCases.TCC001_AccountRegisterPage - Test Is Failed
04:59:03:127 [main] INFO  TestCases.TCC001_AccountRegisterPage - *****FINISHED TCC001_AccountRegisterPage....
04:59:04:949 [main] INFO  TestCases.TC002_LoginTest - ****Starting TC002_LoginTest.....***
04:59:04:950 [main] INFO  TestCases.TC002_LoginTest - ClickOnMyAccount.....
04:59:05:027 [main] INFO  TestCases.TC002_LoginTest - ClickOnLogin......
04:59:05:234 [main] INFO  TestCases.TC002_LoginTest - Enter User Details.....
04:59:05:964 [main] INFO  TestCases.TC002_LoginTest - ****FINISHED TC002_LoginTest.....***
04:59:09:378 [main] INFO  TestCases.TC002_LoginTest - ****Starting TC002_LoginTest.....***
04:59:09:379 [main] INFO  TestCases.TC002_LoginTest - ClickOnMyAccount.....
04:59:09:459 [main] INFO  TestCases.TC002_LoginTest - ClickOnLogin......
04:59:09:678 [main] INFO  TestCases.TC002_LoginTest - Enter User Details.....
04:59:10:121 [main] INFO  TestCases.TC002_LoginTest - ****FINISHED TC002_LoginTest.....***
04:59:16:323 [main] INFO  TestCases.TCC001_AccountRegisterPage - ****Starting TCC001_AccountRegisterPage.......****
04:59:16:324 [main] INFO  TestCases.TCC001_AccountRegisterPage - ClickOnMyAccount....
04:59:16:608 [main] INFO  TestCases.TCC001_AccountRegisterPage - ClickOnRegister....
04:59:17:030 [main] INFO  TestCases.TCC001_AccountRegisterPage - verify AccountRegistationPage....
04:59:17:467 [main] ERROR TestCases.TCC001_AccountRegisterPage - Test Is Failed
04:59:17:467 [main] INFO  TestCases.TCC001_AccountRegisterPage - *****FINISHED TCC001_AccountRegisterPage....
05:06:02:892 [main] INFO  org.testng.internal.Utils - [TestNG] Running:
  C:\Users\DELL\eclipse-workspace\OpenCardTesting\CrossBrowser.xml

05:06:05:330 [main] INFO  TestCases.TCC001_AccountRegisterPage - ****Starting TCC001_AccountRegisterPage.......****
05:06:05:346 [main] INFO  TestCases.TCC001_AccountRegisterPage - ClickOnMyAccount....
05:06:05:596 [main] INFO  TestCases.TCC001_AccountRegisterPage - ClickOnRegister....
05:06:05:922 [main] INFO  TestCases.TCC001_AccountRegisterPage - verify AccountRegistationPage....
05:06:06:392 [main] ERROR TestCases.TCC001_AccountRegisterPage - Test Is Failed
05:06:06:392 [main] INFO  TestCases.TCC001_AccountRegisterPage - *****FINISHED TCC001_AccountRegisterPage....
05:06:08:237 [main] INFO  TestCases.TC002_LoginTest - ****Starting TC002_LoginTest.....***
05:06:08:237 [main] INFO  TestCases.TC002_LoginTest - ClickOnMyAccount.....
05:06:08:300 [main] INFO  TestCases.TC002_LoginTest - ClickOnLogin......
05:06:08:536 [main] INFO  TestCases.TC002_LoginTest - Enter User Details.....
05:06:09:184 [main] INFO  TestCases.TC002_LoginTest - ****FINISHED TC002_LoginTest.....***
05:06:09:192 [main] INFO  TestCases.TC002_LoginTest - ****Starting TC002_LoginTest.....***
05:06:09:193 [main] INFO  TestCases.TC002_LoginTest - ClickOnMyAccount.....
05:06:09:259 [main] INFO  TestCases.TC002_LoginTest - ClickOnLogin......
05:06:09:475 [main] INFO  TestCases.TC002_LoginTest - Enter User Details.....
05:06:10:259 [main] INFO  TestCases.TC002_LoginTest - ****FINISHED TC002_LoginTest.....***
05:06:10:263 [main] INFO  TestCases.TC002_LoginTest - ****Starting TC002_LoginTest.....***
05:06:10:263 [main] INFO  TestCases.TC002_LoginTest - ClickOnMyAccount.....
05:06:10:334 [main] INFO  TestCases.TC002_LoginTest - ClickOnLogin......
05:06:10:551 [main] INFO  TestCases.TC002_LoginTest - Enter User Details.....
05:06:11:178 [main] INFO  TestCases.TC002_LoginTest - ****FINISHED TC002_LoginTest.....***
05:06:17:352 [main] INFO  TestCases.TCC001_AccountRegisterPage - ****Starting TCC001_AccountRegisterPage.......****
05:06:17:354 [main] INFO  TestCases.TCC001_AccountRegisterPage - ClickOnMyAccount....
05:06:17:699 [main] INFO  TestCases.TCC001_AccountRegisterPage - ClickOnRegister....
05:06:18:345 [main] INFO  TestCases.TCC001_AccountRegisterPage - verify AccountRegistationPage....
05:06:18:863 [main] ERROR TestCases.TCC001_AccountRegisterPage - Test Is Failed
05:06:18:864 [main] INFO  TestCases.TCC001_AccountRegisterPage - *****FINISHED TCC001_AccountRegisterPage....
22:13:15:025 [main] INFO  org.testng.internal.Utils - [TestNG] Running:
  C:\Users\DELL\eclipse-workspace\OpenCardTesting\CrossBrowser.xml

22:13:20:486 [main] INFO  TestCases.TCC001_AccountRegisterPage - ****Starting TCC001_AccountRegisterPage.......****
22:13:20:516 [main] INFO  TestCases.TCC001_AccountRegisterPage - ClickOnMyAccount....
22:13:21:017 [main] INFO  TestCases.TCC001_AccountRegisterPage - ClickOnRegister....
22:13:21:617 [main] INFO  TestCases.TCC001_AccountRegisterPage - verify AccountRegistationPage....
22:13:22:550 [main] ERROR TestCases.TCC001_AccountRegisterPage - Test Is Failed
22:13:22:551 [main] INFO  TestCases.TCC001_AccountRegisterPage - *****FINISHED TCC001_AccountRegisterPage....
22:13:25:495 [main] INFO  TestCases.TC002_LoginTest - ****Starting TC002_LoginTest.....***
22:13:25:496 [main] INFO  TestCases.TC002_LoginTest - ClickOnMyAccount.....
22:13:25:639 [main] INFO  TestCases.TC002_LoginTest - ClickOnLogin......
22:13:25:912 [main] INFO  TestCases.TC002_LoginTest - Enter User Details.....
22:13:26:704 [main] INFO  TestCases.TC002_LoginTest - ****FINISHED TC002_LoginTest.....***
22:13:26:708 [main] INFO  TestCases.TC002_LoginTest - ****Starting TC002_LoginTest.....***
22:13:26:709 [main] INFO  TestCases.TC002_LoginTest - ClickOnMyAccount.....
22:13:26:810 [main] INFO  TestCases.TC002_LoginTest - ClickOnLogin......
22:13:27:085 [main] INFO  TestCases.TC002_LoginTest - Enter User Details.....
22:13:27:798 [main] INFO  TestCases.TC002_LoginTest - ****FINISHED TC002_LoginTest.....***
22:13:27:801 [main] INFO  TestCases.TC002_LoginTest - ****Starting TC002_LoginTest.....***
22:13:27:802 [main] INFO  TestCases.TC002_LoginTest - ClickOnMyAccount.....
22:13:27:874 [main] INFO  TestCases.TC002_LoginTest - ClickOnLogin......
22:13:28:094 [main] INFO  TestCases.TC002_LoginTest - Enter User Details.....
22:13:28:706 [main] INFO  TestCases.TC002_LoginTest - ****FINISHED TC002_LoginTest.....***
22:13:36:624 [main] INFO  TestCases.TCC001_AccountRegisterPage - ****Starting TCC001_AccountRegisterPage.......****
22:13:36:625 [main] INFO  TestCases.TCC001_AccountRegisterPage - ClickOnMyAccount....
22:13:36:908 [main] INFO  TestCases.TCC001_AccountRegisterPage - ClickOnRegister....
22:13:37:421 [main] INFO  TestCases.TCC001_AccountRegisterPage - verify AccountRegistationPage....
22:13:38:006 [main] ERROR TestCases.TCC001_AccountRegisterPage - Test Is Failed
22:13:38:006 [main] INFO  TestCases.TCC001_AccountRegisterPage - *****FINISHED TCC001_AccountRegisterPage....
22:21:36:705 [main] INFO  org.testng.internal.Utils - [TestNG] Running:
  C:\Users\DELL\eclipse-workspace\OpenCardTesting\CrossBrowser.xml

22:21:41:453 [main] INFO  TestCases.TCC001_AccountRegisterPage - ****Starting TCC001_AccountRegisterPage.......****
22:21:41:472 [main] INFO  TestCases.TCC001_AccountRegisterPage - ClickOnMyAccount....
22:21:41:835 [main] INFO  TestCases.TCC001_AccountRegisterPage - ClickOnRegister....
22:21:42:357 [main] INFO  TestCases.TCC001_AccountRegisterPage - verify AccountRegistationPage....
22:21:43:195 [main] ERROR TestCases.TCC001_AccountRegisterPage - Test Is Failed
22:21:43:196 [main] INFO  TestCases.TCC001_AccountRegisterPage - *****FINISHED TCC001_AccountRegisterPage....
22:21:45:789 [main] INFO  TestCases.TC002_LoginTest - ****Starting TC002_LoginTest.....***
22:21:45:791 [main] INFO  TestCases.TC002_LoginTest - ClickOnMyAccount.....
22:21:45:890 [main] INFO  TestCases.TC002_LoginTest - ClickOnLogin......
22:21:46:193 [main] INFO  TestCases.TC002_LoginTest - Enter User Details.....
22:21:46:954 [main] INFO  TestCases.TC002_LoginTest - ****FINISHED TC002_LoginTest.....***
22:21:46:958 [main] INFO  TestCases.TC002_LoginTest - ****Starting TC002_LoginTest.....***
22:21:46:960 [main] INFO  TestCases.TC002_LoginTest - ClickOnMyAccount.....
22:21:47:030 [main] INFO  TestCases.TC002_LoginTest - ClickOnLogin......
22:21:47:259 [main] INFO  TestCases.TC002_LoginTest - Enter User Details.....
22:21:47:995 [main] INFO  TestCases.TC002_LoginTest - ****FINISHED TC002_LoginTest.....***
22:21:48:000 [main] INFO  TestCases.TC002_LoginTest - ****Starting TC002_LoginTest.....***
22:21:48:001 [main] INFO  TestCases.TC002_LoginTest - ClickOnMyAccount.....
22:21:48:071 [main] INFO  TestCases.TC002_LoginTest - ClickOnLogin......
22:21:48:311 [main] INFO  TestCases.TC002_LoginTest - Enter User Details.....
22:21:49:026 [main] INFO  TestCases.TC002_LoginTest - ****FINISHED TC002_LoginTest.....***
22:21:55:815 [main] INFO  TestCases.TCC001_AccountRegisterPage - ****Starting TCC001_AccountRegisterPage.......****
22:21:55:816 [main] INFO  TestCases.TCC001_AccountRegisterPage - ClickOnMyAccount....
22:21:56:171 [main] INFO  TestCases.TCC001_AccountRegisterPage - ClickOnRegister....
22:21:56:651 [main] INFO  TestCases.TCC001_AccountRegisterPage - verify AccountRegistationPage....
22:21:57:230 [main] ERROR TestCases.TCC001_AccountRegisterPage - Test Is Failed
22:21:57:231 [main] INFO  TestCases.TCC001_AccountRegisterPage - *****FINISHED TCC001_AccountRegisterPage....
22:26:46:765 [main] INFO  org.testng.internal.Utils - [TestNG] Running:
  C:\Users\DELL\eclipse-workspace\OpenCardTesting\CrossBrowser.xml

22:26:50:715 [main] INFO  TestCases.TCC001_AccountRegisterPage - ****Starting TCC001_AccountRegisterPage.......****
22:26:50:739 [main] INFO  TestCases.TCC001_AccountRegisterPage - ClickOnMyAccount....
22:26:51:162 [main] INFO  TestCases.TCC001_AccountRegisterPage - ClickOnRegister....
22:26:51:623 [main] INFO  TestCases.TCC001_AccountRegisterPage - verify AccountRegistationPage....
22:26:52:360 [main] ERROR TestCases.TCC001_AccountRegisterPage - Test Is Failed
22:26:52:360 [main] INFO  TestCases.TCC001_AccountRegisterPage - *****FINISHED TCC001_AccountRegisterPage....
22:26:55:287 [main] INFO  TestCases.TC002_LoginTest - ****Starting TC002_LoginTest.....***
22:26:55:288 [main] INFO  TestCases.TC002_LoginTest - ClickOnMyAccount.....
22:26:55:413 [main] INFO  TestCases.TC002_LoginTest - ClickOnLogin......
22:26:55:686 [main] INFO  TestCases.TC002_LoginTest - Enter User Details.....
22:26:56:502 [main] INFO  TestCases.TC002_LoginTest - ****FINISHED TC002_LoginTest.....***
22:26:56:507 [main] INFO  TestCases.TC002_LoginTest - ****Starting TC002_LoginTest.....***
22:26:56:508 [main] INFO  TestCases.TC002_LoginTest - ClickOnMyAccount.....
22:26:56:563 [main] INFO  TestCases.TC002_LoginTest - ClickOnLogin......
22:26:56:825 [main] INFO  TestCases.TC002_LoginTest - Enter User Details.....
22:26:57:446 [main] INFO  TestCases.TC002_LoginTest - ****FINISHED TC002_LoginTest.....***
22:26:57:451 [main] INFO  TestCases.TC002_LoginTest - ****Starting TC002_LoginTest.....***
22:26:57:453 [main] INFO  TestCases.TC002_LoginTest - ClickOnMyAccount.....
22:26:57:514 [main] INFO  TestCases.TC002_LoginTest - ClickOnLogin......
22:26:57:784 [main] INFO  TestCases.TC002_LoginTest - Enter User Details.....
22:26:58:415 [main] INFO  TestCases.TC002_LoginTest - ****FINISHED TC002_LoginTest.....***
22:27:05:201 [main] INFO  TestCases.TCC001_AccountRegisterPage - ****Starting TCC001_AccountRegisterPage.......****
22:27:05:202 [main] INFO  TestCases.TCC001_AccountRegisterPage - ClickOnMyAccount....
22:27:05:510 [main] INFO  TestCases.TCC001_AccountRegisterPage - ClickOnRegister....
22:27:06:022 [main] INFO  TestCases.TCC001_AccountRegisterPage - verify AccountRegistationPage....
22:27:06:518 [main] ERROR TestCases.TCC001_AccountRegisterPage - Test Is Failed
22:27:06:518 [main] INFO  TestCases.TCC001_AccountRegisterPage - *****FINISHED TCC001_AccountRegisterPage....
22:33:04:643 [main] INFO  org.testng.internal.Utils - [TestNG] Running:
  C:\Users\DELL\eclipse-workspace\OpenCardTesting\openCart.xml

22:37:01:189 [main] INFO  org.testng.internal.Utils - [TestNG] Running:
  C:\Users\DELL\eclipse-workspace\OpenCardTesting\openCart.xml

22:38:02:342 [main] INFO  org.testng.internal.Utils - [TestNG] Running:
  C:\Users\DELL\eclipse-workspace\OpenCardTesting\openCart.xml

22:38:16:659 [main] INFO  org.testng.internal.Utils - [TestNG] Running:
  C:\Users\DELL\eclipse-workspace\OpenCardTesting\CrossBrowser.xml

22:38:20:221 [main] INFO  TestCases.TCC001_AccountRegisterPage - ****Starting TCC001_AccountRegisterPage.......****
22:38:20:244 [main] INFO  TestCases.TCC001_AccountRegisterPage - ClickOnMyAccount....
22:38:20:641 [main] INFO  TestCases.TCC001_AccountRegisterPage - ClickOnRegister....
22:38:21:158 [main] INFO  TestCases.TCC001_AccountRegisterPage - verify AccountRegistationPage....
22:38:22:010 [main] ERROR TestCases.TCC001_AccountRegisterPage - Test Is Failed
22:38:22:010 [main] INFO  TestCases.TCC001_AccountRegisterPage - *****FINISHED TCC001_AccountRegisterPage....
22:38:24:879 [main] INFO  TestCases.TC002_LoginTest - ****Starting TC002_LoginTest.....***
22:38:24:880 [main] INFO  TestCases.TC002_LoginTest - ClickOnMyAccount.....
22:38:24:984 [main] INFO  TestCases.TC002_LoginTest - ClickOnLogin......
22:38:25:224 [main] INFO  TestCases.TC002_LoginTest - Enter User Details.....
22:38:26:191 [main] INFO  TestCases.TC002_LoginTest - ****FINISHED TC002_LoginTest.....***
22:38:26:195 [main] INFO  TestCases.TC002_LoginTest - ****Starting TC002_LoginTest.....***
22:38:26:196 [main] INFO  TestCases.TC002_LoginTest - ClickOnMyAccount.....
22:38:26:256 [main] INFO  TestCases.TC002_LoginTest - ClickOnLogin......
22:38:26:469 [main] INFO  TestCases.TC002_LoginTest - Enter User Details.....
22:38:27:229 [main] INFO  TestCases.TC002_LoginTest - ****FINISHED TC002_LoginTest.....***
22:38:27:233 [main] INFO  TestCases.TC002_LoginTest - ****Starting TC002_LoginTest.....***
22:38:27:234 [main] INFO  TestCases.TC002_LoginTest - ClickOnMyAccount.....
22:38:27:285 [main] INFO  TestCases.TC002_LoginTest - ClickOnLogin......
22:38:27:572 [main] INFO  TestCases.TC002_LoginTest - Enter User Details.....
22:38:28:186 [main] INFO  TestCases.TC002_LoginTest - ****FINISHED TC002_LoginTest.....***
22:38:34:651 [main] INFO  TestCases.TCC001_AccountRegisterPage - ****Starting TCC001_AccountRegisterPage.......****
22:38:34:654 [main] INFO  TestCases.TCC001_AccountRegisterPage - ClickOnMyAccount....
22:38:34:959 [main] INFO  TestCases.TCC001_AccountRegisterPage - ClickOnRegister....
22:38:35:445 [main] INFO  TestCases.TCC001_AccountRegisterPage - verify AccountRegistationPage....
22:38:35:953 [main] ERROR TestCases.TCC001_AccountRegisterPage - Test Is Failed
22:38:35:953 [main] INFO  TestCases.TCC001_AccountRegisterPage - *****FINISHED TCC001_AccountRegisterPage....
22:45:28:996 [main] INFO  org.testng.internal.Utils - [TestNG] Running:
  C:\Users\DELL\eclipse-workspace\OpenCardTesting\CrossBrowser.xml

22:45:33:046 [main] INFO  TestCases.TCC001_AccountRegisterPage - ****Starting TCC001_AccountRegisterPage.......****
22:45:33:072 [main] INFO  TestCases.TCC001_AccountRegisterPage - ClickOnMyAccount....
22:45:33:230 [main] INFO  TestCases.TCC001_AccountRegisterPage - ClickOnRegister....
22:45:33:734 [main] INFO  TestCases.TCC001_AccountRegisterPage - verify AccountRegistationPage....
22:45:34:613 [main] ERROR TestCases.TCC001_AccountRegisterPage - Test Is Failed
22:45:34:614 [main] INFO  TestCases.TCC001_AccountRegisterPage - *****FINISHED TCC001_AccountRegisterPage....
22:45:37:090 [main] INFO  TestCases.TC002_LoginTest - ****Starting TC002_LoginTest.....***
22:45:37:093 [main] INFO  TestCases.TC002_LoginTest - ClickOnMyAccount.....
22:45:37:192 [main] INFO  TestCases.TC002_LoginTest - ClickOnLogin......
22:45:37:494 [main] INFO  TestCases.TC002_LoginTest - Enter User Details.....
22:45:38:007 [main] INFO  TestCases.TC002_LoginTest - ****FINISHED TC002_LoginTest.....***
22:45:38:012 [main] INFO  TestCases.TC002_LoginTest - ****Starting TC002_LoginTest.....***
22:45:38:013 [main] INFO  TestCases.TC002_LoginTest - ClickOnMyAccount.....
22:45:38:084 [main] INFO  TestCases.TC002_LoginTest - ClickOnLogin......
22:45:38:325 [main] INFO  TestCases.TC002_LoginTest - Enter User Details.....
22:45:38:803 [main] INFO  TestCases.TC002_LoginTest - ****FINISHED TC002_LoginTest.....***
22:45:38:807 [main] INFO  TestCases.TC002_LoginTest - ****Starting TC002_LoginTest.....***
22:45:38:807 [main] INFO  TestCases.TC002_LoginTest - ClickOnMyAccount.....
22:45:38:859 [main] INFO  TestCases.TC002_LoginTest - ClickOnLogin......
22:45:39:109 [main] INFO  TestCases.TC002_LoginTest - Enter User Details.....
22:45:39:622 [main] INFO  TestCases.TC002_LoginTest - ****FINISHED TC002_LoginTest.....***
22:45:45:616 [main] INFO  TestCases.TCC001_AccountRegisterPage - ****Starting TCC001_AccountRegisterPage.......****
22:45:45:617 [main] INFO  TestCases.TCC001_AccountRegisterPage - ClickOnMyAccount....
22:45:45:948 [main] INFO  TestCases.TCC001_AccountRegisterPage - ClickOnRegister....
22:45:46:477 [main] INFO  TestCases.TCC001_AccountRegisterPage - verify AccountRegistationPage....
22:45:47:052 [main] ERROR TestCases.TCC001_AccountRegisterPage - Test Is Failed
22:45:47:052 [main] INFO  TestCases.TCC001_AccountRegisterPage - *****FINISHED TCC001_AccountRegisterPage....
23:49:50:596 [main] INFO  org.testng.internal.Utils - [TestNG] Running:
  C:\Users\DELL\eclipse-workspace\OpenCardTesting\CrossBrowser.xml

23:49:54:493 [main] INFO  TestCases.TCC001_AccountRegisterPage - ****Starting TCC001_AccountRegisterPage.......****
23:49:54:514 [main] INFO  TestCases.TCC001_AccountRegisterPage - ClickOnMyAccount....
23:49:55:121 [main] INFO  TestCases.TCC001_AccountRegisterPage - ClickOnRegister....
23:49:55:584 [main] INFO  TestCases.TCC001_AccountRegisterPage - verify AccountRegistationPage....
23:49:56:316 [main] ERROR TestCases.TCC001_AccountRegisterPage - Test Is Failed
23:49:56:316 [main] INFO  TestCases.TCC001_AccountRegisterPage - *****FINISHED TCC001_AccountRegisterPage....
23:49:59:182 [main] INFO  TestCases.TC002_LoginTest - ****Starting TC002_LoginTest.....***
23:49:59:183 [main] INFO  TestCases.TC002_LoginTest - ClickOnMyAccount.....
23:49:59:268 [main] INFO  TestCases.TC002_LoginTest - ClickOnLogin......
23:49:59:555 [main] INFO  TestCases.TC002_LoginTest - Enter User Details.....
23:50:00:316 [main] INFO  TestCases.TC002_LoginTest - ****FINISHED TC002_LoginTest.....***
23:50:00:322 [main] INFO  TestCases.TC002_LoginTest - ****Starting TC002_LoginTest.....***
23:50:00:323 [main] INFO  TestCases.TC002_LoginTest - ClickOnMyAccount.....
23:50:00:393 [main] INFO  TestCases.TC002_LoginTest - ClickOnLogin......
23:50:00:617 [main] INFO  TestCases.TC002_LoginTest - Enter User Details.....
23:50:01:473 [main] INFO  TestCases.TC002_LoginTest - ****FINISHED TC002_LoginTest.....***
23:50:01:477 [main] INFO  TestCases.TC002_LoginTest - ****Starting TC002_LoginTest.....***
23:50:01:477 [main] INFO  TestCases.TC002_LoginTest - ClickOnMyAccount.....
23:50:01:545 [main] INFO  TestCases.TC002_LoginTest - ClickOnLogin......
23:50:01:806 [main] INFO  TestCases.TC002_LoginTest - Enter User Details.....
23:50:02:563 [main] INFO  TestCases.TC002_LoginTest - ****FINISHED TC002_LoginTest.....***
23:50:10:324 [main] INFO  TestCases.TCC001_AccountRegisterPage - ****Starting TCC001_AccountRegisterPage.......****
23:50:10:325 [main] INFO  TestCases.TCC001_AccountRegisterPage - ClickOnMyAccount....
23:50:10:626 [main] INFO  TestCases.TCC001_AccountRegisterPage - ClickOnRegister....
23:50:11:125 [main] INFO  TestCases.TCC001_AccountRegisterPage - verify AccountRegistationPage....
23:50:11:776 [main] ERROR TestCases.TCC001_AccountRegisterPage - Test Is Failed
23:50:11:777 [main] INFO  TestCases.TCC001_AccountRegisterPage - *****FINISHED TCC001_AccountRegisterPage....
23:50:40:625 [main] INFO  org.testng.internal.Utils - [TestNG] Running:
  C:\Users\DELL\eclipse-workspace\OpenCardTesting\CrossBrowser.xml

23:50:43:361 [main] INFO  TestCases.TCC001_AccountRegisterPage - ****Starting TCC001_AccountRegisterPage.......****
23:50:43:383 [main] INFO  TestCases.TCC001_AccountRegisterPage - ClickOnMyAccount....
23:50:43:875 [main] INFO  TestCases.TCC001_AccountRegisterPage - ClickOnRegister....
23:50:44:311 [main] INFO  TestCases.TCC001_AccountRegisterPage - verify AccountRegistationPage....
23:50:45:077 [main] ERROR TestCases.TCC001_AccountRegisterPage - Test Is Failed
23:50:45:077 [main] INFO  TestCases.TCC001_AccountRegisterPage - *****FINISHED TCC001_AccountRegisterPage....
23:50:47:570 [main] INFO  TestCases.TC002_LoginTest - ****Starting TC002_LoginTest.....***
23:50:47:571 [main] INFO  TestCases.TC002_LoginTest - ClickOnMyAccount.....
23:50:47:658 [main] INFO  TestCases.TC002_LoginTest - ClickOnLogin......
23:50:47:897 [main] INFO  TestCases.TC002_LoginTest - Enter User Details.....
23:50:48:605 [main] INFO  TestCases.TC002_LoginTest - ****FINISHED TC002_LoginTest.....***
23:50:48:609 [main] INFO  TestCases.TC002_LoginTest - ****Starting TC002_LoginTest.....***
23:50:48:610 [main] INFO  TestCases.TC002_LoginTest - ClickOnMyAccount.....
23:50:48:671 [main] INFO  TestCases.TC002_LoginTest - ClickOnLogin......
23:50:48:933 [main] INFO  TestCases.TC002_LoginTest - Enter User Details.....
23:50:49:604 [main] INFO  TestCases.TC002_LoginTest - ****FINISHED TC002_LoginTest.....***
23:50:49:608 [main] INFO  TestCases.TC002_LoginTest - ****Starting TC002_LoginTest.....***
23:50:49:608 [main] INFO  TestCases.TC002_LoginTest - ClickOnMyAccount.....
23:50:49:670 [main] INFO  TestCases.TC002_LoginTest - ClickOnLogin......
23:50:49:933 [main] INFO  TestCases.TC002_LoginTest - Enter User Details.....
23:50:50:527 [main] INFO  TestCases.TC002_LoginTest - ****FINISHED TC002_LoginTest.....***
23:50:56:754 [main] INFO  TestCases.TC003_SearchBox_Testing - ****Starting TC003_SearchBox_Testing.....
23:50:56:756 [main] INFO  TestCases.TC003_SearchBox_Testing - SetSearchBox....
02:19:48:819 [main] INFO  org.testng.internal.Utils - [TestNG] Running:
  C:\Users\DELL\eclipse-workspace\OpenCardTesting\openCart.xml

02:20:22:726 [main] INFO  org.testng.internal.Utils - [TestNG] Running:
  C:\Users\DELL\eclipse-workspace\OpenCardTesting\CrossBrowser.xml

02:20:27:832 [main] INFO  TestCases.TCC001_AccountRegisterPage - ****Starting TCC001_AccountRegisterPage.......****
02:20:27:855 [main] INFO  TestCases.TCC001_AccountRegisterPage - ClickOnMyAccount....
02:20:28:406 [main] INFO  TestCases.TCC001_AccountRegisterPage - ClickOnRegister....
02:20:28:924 [main] INFO  TestCases.TCC001_AccountRegisterPage - verify AccountRegistationPage....
02:20:29:727 [main] ERROR TestCases.TCC001_AccountRegisterPage - Test Is Failed
02:20:29:727 [main] INFO  TestCases.TCC001_AccountRegisterPage - *****FINISHED TCC001_AccountRegisterPage....
02:20:33:175 [main] INFO  TestCases.TC002_LoginTest - ****Starting TC002_LoginTest.....***
02:20:33:176 [main] INFO  TestCases.TC002_LoginTest - ClickOnMyAccount.....
02:20:33:286 [main] INFO  TestCases.TC002_LoginTest - ClickOnLogin......
02:20:33:570 [main] INFO  TestCases.TC002_LoginTest - Enter User Details.....
02:20:34:481 [main] INFO  TestCases.TC002_LoginTest - ****FINISHED TC002_LoginTest.....***
02:20:34:487 [main] INFO  TestCases.TC002_LoginTest - ****Starting TC002_LoginTest.....***
02:20:34:488 [main] INFO  TestCases.TC002_LoginTest - ClickOnMyAccount.....
02:20:34:550 [main] INFO  TestCases.TC002_LoginTest - ClickOnLogin......
02:20:34:805 [main] INFO  TestCases.TC002_LoginTest - Enter User Details.....
02:20:35:726 [main] INFO  TestCases.TC002_LoginTest - ****FINISHED TC002_LoginTest.....***
02:20:35:730 [main] INFO  TestCases.TC002_LoginTest - ****Starting TC002_LoginTest.....***
02:20:35:731 [main] INFO  TestCases.TC002_LoginTest - ClickOnMyAccount.....
02:20:35:780 [main] INFO  TestCases.TC002_LoginTest - ClickOnLogin......
02:20:36:036 [main] INFO  TestCases.TC002_LoginTest - Enter User Details.....
02:20:36:633 [main] INFO  TestCases.TC002_LoginTest - ****FINISHED TC002_LoginTest.....***
02:20:44:168 [main] INFO  TestCases.TC003_SearchBox_Testing - ****Starting TC003_SearchBox_Testing.....
02:20:44:171 [main] INFO  TestCases.TC003_SearchBox_Testing - SetSearchBox....
02:42:52:216 [main] INFO  org.testng.internal.Utils - [TestNG] Running:
  C:\Users\DELL\eclipse-workspace\OpenCardTesting\CrossBrowser.xml

02:42:56:837 [main] INFO  TestCases.TCC001_AccountRegisterPage - ****Starting TCC001_AccountRegisterPage.......****
02:42:56:858 [main] INFO  TestCases.TCC001_AccountRegisterPage - ClickOnMyAccount....
02:42:57:329 [main] INFO  TestCases.TCC001_AccountRegisterPage - ClickOnRegister....
02:42:57:817 [main] INFO  TestCases.TCC001_AccountRegisterPage - verify AccountRegistationPage....
02:42:58:568 [main] ERROR TestCases.TCC001_AccountRegisterPage - Test Is Failed
02:42:58:568 [main] INFO  TestCases.TCC001_AccountRegisterPage - *****FINISHED TCC001_AccountRegisterPage....
02:43:02:221 [main] INFO  TestCases.TC002_LoginTest - ****Starting TC002_LoginTest.....***
02:43:02:222 [main] INFO  TestCases.TC002_LoginTest - ClickOnMyAccount.....
02:43:02:320 [main] INFO  TestCases.TC002_LoginTest - ClickOnLogin......
02:43:02:562 [main] INFO  TestCases.TC002_LoginTest - Enter User Details.....
02:43:03:502 [main] INFO  TestCases.TC002_LoginTest - ****FINISHED TC002_LoginTest.....***
02:43:03:507 [main] INFO  TestCases.TC002_LoginTest - ****Starting TC002_LoginTest.....***
02:43:03:508 [main] INFO  TestCases.TC002_LoginTest - ClickOnMyAccount.....
02:43:03:571 [main] INFO  TestCases.TC002_LoginTest - ClickOnLogin......
02:43:03:800 [main] INFO  TestCases.TC002_LoginTest - Enter User Details.....
02:43:04:520 [main] INFO  TestCases.TC002_LoginTest - ****FINISHED TC002_LoginTest.....***
02:43:04:524 [main] INFO  TestCases.TC002_LoginTest - ****Starting TC002_LoginTest.....***
02:43:04:525 [main] INFO  TestCases.TC002_LoginTest - ClickOnMyAccount.....
02:43:04:614 [main] INFO  TestCases.TC002_LoginTest - ClickOnLogin......
02:43:04:914 [main] INFO  TestCases.TC002_LoginTest - Enter User Details.....
02:43:05:820 [main] INFO  TestCases.TC002_LoginTest - ****FINISHED TC002_LoginTest.....***
02:43:12:945 [main] INFO  TestCases.TC003_SearchBox_Testing - ****Starting TC003_SearchBox_Testing.....
02:43:12:953 [main] INFO  TestCases.TC003_SearchBox_Testing - SetSearchBox....
02:47:41:803 [main] INFO  org.testng.internal.Utils - [TestNG] Running:
  C:\Users\DELL\eclipse-workspace\OpenCardTesting\CrossBrowser.xml

02:47:46:317 [main] INFO  TestCases.TCC001_AccountRegisterPage - ****Starting TCC001_AccountRegisterPage.......****
02:47:46:342 [main] INFO  TestCases.TCC001_AccountRegisterPage - ClickOnMyAccount....
02:47:46:590 [main] INFO  TestCases.TCC001_AccountRegisterPage - ClickOnRegister....
02:47:47:108 [main] INFO  TestCases.TCC001_AccountRegisterPage - verify AccountRegistationPage....
02:47:47:808 [main] ERROR TestCases.TCC001_AccountRegisterPage - Test Is Failed
02:47:47:808 [main] INFO  TestCases.TCC001_AccountRegisterPage - *****FINISHED TCC001_AccountRegisterPage....
02:47:51:198 [main] INFO  TestCases.TC002_LoginTest - ****Starting TC002_LoginTest.....***
02:47:51:201 [main] INFO  TestCases.TC002_LoginTest - ClickOnMyAccount.....
02:47:51:355 [main] INFO  TestCases.TC002_LoginTest - ClickOnLogin......
02:47:51:621 [main] INFO  TestCases.TC002_LoginTest - Enter User Details.....
02:47:52:368 [main] INFO  TestCases.TC002_LoginTest - ****FINISHED TC002_LoginTest.....***
02:47:52:372 [main] INFO  TestCases.TC002_LoginTest - ****Starting TC002_LoginTest.....***
02:47:52:372 [main] INFO  TestCases.TC002_LoginTest - ClickOnMyAccount.....
02:47:52:459 [main] INFO  TestCases.TC002_LoginTest - ClickOnLogin......
02:47:52:706 [main] INFO  TestCases.TC002_LoginTest - Enter User Details.....
02:47:53:445 [main] INFO  TestCases.TC002_LoginTest - ****FINISHED TC002_LoginTest.....***
02:47:53:450 [main] INFO  TestCases.TC002_LoginTest - ****Starting TC002_LoginTest.....***
02:47:53:451 [main] INFO  TestCases.TC002_LoginTest - ClickOnMyAccount.....
02:47:53:517 [main] INFO  TestCases.TC002_LoginTest - ClickOnLogin......
02:47:53:752 [main] INFO  TestCases.TC002_LoginTest - Enter User Details.....
02:47:54:381 [main] INFO  TestCases.TC002_LoginTest - ****FINISHED TC002_LoginTest.....***
02:48:01:071 [main] INFO  TestCases.TC003_SearchBox_Testing - ****Starting TC003_SearchBox_Testing.....
02:48:01:071 [main] INFO  TestCases.TC003_SearchBox_Testing - SetSearchBox....
03:56:42:839 [main] INFO  org.testng.internal.Utils - [TestNG] Running:
  C:\Users\DELL\eclipse-workspace\OpenCardTesting\CrossBrowser.xml

03:56:47:722 [main] INFO  TestCases.TCC001_AccountRegisterPage - ****Starting TCC001_AccountRegisterPage.......****
03:56:47:744 [main] INFO  TestCases.TCC001_AccountRegisterPage - ClickOnMyAccount....
03:56:48:209 [main] INFO  TestCases.TCC001_AccountRegisterPage - ClickOnRegister....
03:56:48:716 [main] INFO  TestCases.TCC001_AccountRegisterPage - verify AccountRegistationPage....
03:56:49:521 [main] ERROR TestCases.TCC001_AccountRegisterPage - Test Is Failed
03:56:49:521 [main] INFO  TestCases.TCC001_AccountRegisterPage - *****FINISHED TCC001_AccountRegisterPage....
03:56:53:345 [main] INFO  TestCases.TC002_LoginTest - ****Starting TC002_LoginTest.....***
03:56:53:347 [main] INFO  TestCases.TC002_LoginTest - ClickOnMyAccount.....
03:56:53:451 [main] INFO  TestCases.TC002_LoginTest - ClickOnLogin......
03:56:53:766 [main] INFO  TestCases.TC002_LoginTest - Enter User Details.....
03:56:54:495 [main] INFO  TestCases.TC002_LoginTest - ****FINISHED TC002_LoginTest.....***
03:56:54:502 [main] INFO  TestCases.TC002_LoginTest - ****Starting TC002_LoginTest.....***
03:56:54:503 [main] INFO  TestCases.TC002_LoginTest - ClickOnMyAccount.....
03:56:54:562 [main] INFO  TestCases.TC002_LoginTest - ClickOnLogin......
03:56:54:817 [main] INFO  TestCases.TC002_LoginTest - Enter User Details.....
03:56:55:448 [main] INFO  TestCases.TC002_LoginTest - ****FINISHED TC002_LoginTest.....***
03:56:55:456 [main] INFO  TestCases.TC002_LoginTest - ****Starting TC002_LoginTest.....***
03:56:55:456 [main] INFO  TestCases.TC002_LoginTest - ClickOnMyAccount.....
03:56:55:566 [main] INFO  TestCases.TC002_LoginTest - ClickOnLogin......
03:56:55:825 [main] INFO  TestCases.TC002_LoginTest - Enter User Details.....
03:56:56:478 [main] INFO  TestCases.TC002_LoginTest - ****FINISHED TC002_LoginTest.....***
03:57:04:463 [main] INFO  TestCases.TC003_SearchBox_Testing - ****Starting TC003_SearchBox_Testing.....
03:57:04:472 [main] INFO  TestCases.TC003_SearchBox_Testing - SetSearchBox....
03:57:53:255 [main] INFO  org.testng.internal.Utils - [TestNG] Running:
  C:\Users\DELL\eclipse-workspace\OpenCardTesting\OpentCart.xml

03:59:06:436 [main] INFO  org.testng.internal.Utils - [TestNG] Running:
  C:\Users\DELL\eclipse-workspace\OpenCardTesting\CrossBrowser.xml

03:59:10:259 [main] INFO  TestCases.TCC001_AccountRegisterPage - ****Starting TCC001_AccountRegisterPage.......****
03:59:10:280 [main] INFO  TestCases.TCC001_AccountRegisterPage - ClickOnMyAccount....
03:59:10:370 [main] INFO  TestCases.TCC001_AccountRegisterPage - ClickOnRegister....
03:59:10:820 [main] INFO  TestCases.TCC001_AccountRegisterPage - verify AccountRegistationPage....
03:59:11:626 [main] ERROR TestCases.TCC001_AccountRegisterPage - Test Is Failed
03:59:11:626 [main] INFO  TestCases.TCC001_AccountRegisterPage - *****FINISHED TCC001_AccountRegisterPage....
03:59:14:985 [main] INFO  TestCases.TC002_LoginTest - ****Starting TC002_LoginTest.....***
03:59:14:987 [main] INFO  TestCases.TC002_LoginTest - ClickOnMyAccount.....
03:59:15:091 [main] INFO  TestCases.TC002_LoginTest - ClickOnLogin......
03:59:15:373 [main] INFO  TestCases.TC002_LoginTest - Enter User Details.....
03:59:18:067 [main] INFO  TestCases.TC002_LoginTest - ****FINISHED TC002_LoginTest.....***
03:59:18:072 [main] INFO  TestCases.TC002_LoginTest - ****Starting TC002_LoginTest.....***
03:59:18:073 [main] INFO  TestCases.TC002_LoginTest - ClickOnMyAccount.....
03:59:18:133 [main] INFO  TestCases.TC002_LoginTest - ClickOnLogin......
03:59:18:622 [main] INFO  TestCases.TC002_LoginTest - Enter User Details.....
03:59:19:908 [main] INFO  TestCases.TC002_LoginTest - ****FINISHED TC002_LoginTest.....***
03:59:19:917 [main] INFO  TestCases.TC002_LoginTest - ****Starting TC002_LoginTest.....***
03:59:19:917 [main] INFO  TestCases.TC002_LoginTest - ClickOnMyAccount.....
03:59:19:980 [main] INFO  TestCases.TC002_LoginTest - ClickOnLogin......
03:59:20:209 [main] INFO  TestCases.TC002_LoginTest - Enter User Details.....
03:59:20:833 [main] INFO  TestCases.TC002_LoginTest - ****FINISHED TC002_LoginTest.....***
03:59:27:655 [main] INFO  TestCases.TC003_SearchBox_Testing - ****Starting TC003_SearchBox_Testing.....
03:59:27:655 [main] INFO  TestCases.TC003_SearchBox_Testing - SetSearchBox....
03:59:50:164 [main] INFO  TestCases.TC004_Verify_ElementPage - *****Starting TC004_Verify_ElementPage....****
03:59:50:164 [main] INFO  TestCases.TC004_Verify_ElementPage - ENTERD INTO THE ElementPage....
03:59:50:173 [main] INFO  TestCases.TC004_Verify_ElementPage - MovieToElement.....
03:59:50:788 [main] INFO  TestCases.TC004_Verify_ElementPage - ClickOnElement......
04:00:00:877 [main] ERROR TestCases.TC004_Verify_ElementPage - Test Is FAILED
04:00:00:877 [main] INFO  TestCases.TC004_Verify_ElementPage - ******FINISHED TC004_Verify_ElementPage.....
04:01:34:288 [main] INFO  org.testng.internal.Utils - [TestNG] Running:
  C:\Users\DELL\eclipse-workspace\OpenCardTesting\OpentCart.xml

04:01:37:171 [main] INFO  TestCases.TC004_Verify_ElementPage - *****Starting TC004_Verify_ElementPage....****
04:01:37:172 [main] INFO  TestCases.TC004_Verify_ElementPage - ENTERD INTO THE ElementPage....
04:01:37:196 [main] INFO  TestCases.TC004_Verify_ElementPage - MovieToElement.....
04:01:37:703 [main] INFO  TestCases.TC004_Verify_ElementPage - ClickOnElement......
04:01:44:343 [main] INFO  TestCases.TC004_Verify_ElementPage - ENTERD INTO THE monitorPage....
04:01:55:366 [main] ERROR TestCases.TC004_Verify_ElementPage - Test Is FAILED
04:01:55:370 [main] INFO  TestCases.TC004_Verify_ElementPage - ******FINISHED TC004_Verify_ElementPage.....
04:04:08:900 [main] INFO  org.testng.internal.Utils - [Utils] MethodGroupsHelper.collectMethodsByGroup() took 1 ms.
04:04:08:904 [main] INFO  org.testng.internal.Utils - [Utils] MethodGroupsHelper.sortMethods() took 0 ms.
04:04:08:906 [main] INFO  org.testng.internal.Utils - [Utils] MethodGroupsHelper.collectMethodsByGroup() took 0 ms.
04:04:08:906 [main] INFO  org.testng.internal.Utils - [Utils] MethodGroupsHelper.sortMethods() took 0 ms.
04:04:08:907 [main] INFO  org.testng.internal.Utils - [Utils] MethodGroupsHelper.collectMethodsByGroup() took 0 ms.
04:04:08:907 [main] INFO  org.testng.internal.Utils - [Utils] MethodGroupsHelper.sortMethods() took 0 ms.
04:04:08:907 [main] INFO  org.testng.internal.Utils - [Utils] MethodGroupsHelper.collectMethodsByGroup() took 0 ms.
04:04:08:907 [main] INFO  org.testng.internal.Utils - [Utils] MethodGroupsHelper.sortMethods() took 0 ms.
04:04:08:914 [main] INFO  org.testng.internal.Utils - [Utils] MethodGroupsHelper.collectMethodsByGroup() took 5 ms.
04:04:08:922 [main] INFO  org.testng.internal.Utils - [Utils] MethodGroupsHelper.sortMethods() took 7 ms.
04:04:08:923 [main] INFO  org.testng.internal.Utils - [Utils] MethodGroupsHelper.collectMethodsByGroup() took 0 ms.
04:04:08:923 [main] INFO  org.testng.internal.Utils - [Utils] MethodGroupsHelper.sortMethods() took 0 ms.
04:04:08:924 [main] INFO  org.testng.internal.Utils - [Utils] MethodGroupsHelper.collectMethodsByGroup() took 0 ms.
04:04:08:924 [main] INFO  org.testng.internal.Utils - [Utils] MethodGroupsHelper.sortMethods() took 0 ms.
04:04:08:925 [main] INFO  org.testng.internal.Utils - [Utils] MethodGroupsHelper.collectMethodsByGroup() took 0 ms.
04:04:08:925 [main] INFO  org.testng.internal.Utils - [Utils] MethodGroupsHelper.sortMethods() took 0 ms.
04:04:08:926 [main] INFO  org.testng.internal.Utils - [Utils] MethodGroupsHelper.collectMethodsByGroup() took 0 ms.
04:04:08:927 [main] INFO  org.testng.internal.Utils - [Utils] MethodGroupsHelper.sortMethods() took 0 ms.
04:04:08:927 [main] INFO  org.testng.internal.Utils - [Utils] MethodGroupsHelper.collectMethodsByGroup() took 0 ms.
04:04:08:927 [main] INFO  org.testng.internal.Utils - [Utils] MethodGroupsHelper.sortMethods() took 0 ms.
04:04:08:929 [main] INFO  org.testng.internal.Utils - [Utils] MethodGroupsHelper.collectMethodsByGroup() took 0 ms.
04:04:08:930 [main] INFO  org.testng.internal.Utils - [Utils] MethodGroupsHelper.sortMethods() took 0 ms.
04:04:08:930 [main] INFO  org.testng.internal.Utils - [Utils] MethodGroupsHelper.collectMethodsByGroup() took 0 ms.
04:04:08:930 [main] INFO  org.testng.internal.Utils - [Utils] MethodGroupsHelper.sortMethods() took 0 ms.
04:04:08:931 [main] INFO  org.testng.internal.Utils - [Utils] MethodGroupsHelper.collectMethodsByGroup() took 0 ms.
04:04:08:931 [main] INFO  org.testng.internal.Utils - [Utils] MethodGroupsHelper.sortMethods() took 0 ms.
04:04:08:932 [main] INFO  org.testng.internal.Utils - [Utils] MethodGroupsHelper.collectMethodsByGroup() took 0 ms.
04:04:08:933 [main] INFO  org.testng.internal.Utils - [Utils] MethodGroupsHelper.sortMethods() took 0 ms.
04:04:08:933 [main] INFO  org.testng.internal.Utils - [Utils] MethodGroupsHelper.collectMethodsByGroup() took 0 ms.
04:04:08:933 [main] INFO  org.testng.internal.Utils - [Utils] MethodGroupsHelper.sortMethods() took 0 ms.
04:04:08:939 [main] INFO  org.testng.internal.Utils - [TestNG] Running:
  C:\Users\DELL\AppData\Local\Temp\testng-eclipse-2018725911\testng-customsuite.xml

04:04:08:953 [main] INFO  org.testng.internal.Utils - [Utils] DynamicGraphHelper.createDynamicGraph() took 3 ms.
04:04:09:126 [main] INFO  org.testng.internal.Utils - [TestNG] Time taken by org.testng.reporters.jq.Main@bf1ec20: 65 ms
04:04:09:138 [main] INFO  org.testng.internal.Utils - [TestNG] Time taken by org.testng.reporters.FailedReporter@42f33b5d: 12 ms
04:04:09:149 [main] INFO  org.testng.internal.Utils - [TestNG] Time taken by org.testng.reporters.XMLReporter@463b4ac8: 11 ms
04:04:09:157 [main] INFO  org.testng.internal.Utils - [TestNG] Time taken by org.testng.reporters.EmailableReporter2@3381b4fc: 7 ms
04:04:09:166 [main] INFO  org.testng.internal.Utils - [TestNG] Time taken by org.testng.reporters.JUnitReportReporter@40f70521: 9 ms
04:04:09:166 [main] INFO  org.testng.internal.Utils - [TestNG] Time taken by org.testng.internal.ExitCodeListener@774698ab: 0 ms
04:04:21:165 [main] INFO  org.testng.internal.Utils - [TestNG] Running:
  C:\Users\DELL\eclipse-workspace\OpenCardTesting\OpentCart.xml

04:04:24:826 [main] INFO  TestCases.TC004_Verify_ElementPage - *****Starting TC004_Verify_ElementPage....****
04:04:24:827 [main] INFO  TestCases.TC004_Verify_ElementPage - ENTERD INTO THE ElementPage....
04:04:24:850 [main] INFO  TestCases.TC004_Verify_ElementPage - MovieToElement.....
04:04:25:132 [main] INFO  TestCases.TC004_Verify_ElementPage - ClickOnElement......
04:04:25:735 [main] INFO  TestCases.TC004_Verify_ElementPage - ENTERD INTO THE monitorPage....
04:04:36:681 [main] ERROR TestCases.TC004_Verify_ElementPage - Test Is FAILED
04:04:36:681 [main] INFO  TestCases.TC004_Verify_ElementPage - ******FINISHED TC004_Verify_ElementPage.....
05:10:22:363 [main] INFO  org.testng.internal.Utils - [Utils] MethodGroupsHelper.collectMethodsByGroup() took 1 ms.
05:10:22:369 [main] INFO  org.testng.internal.Utils - [Utils] MethodGroupsHelper.sortMethods() took 1 ms.
05:10:22:371 [main] INFO  org.testng.internal.Utils - [Utils] MethodGroupsHelper.collectMethodsByGroup() took 0 ms.
05:10:22:371 [main] INFO  org.testng.internal.Utils - [Utils] MethodGroupsHelper.sortMethods() took 0 ms.
05:10:22:371 [main] INFO  org.testng.internal.Utils - [Utils] MethodGroupsHelper.collectMethodsByGroup() took 0 ms.
05:10:22:372 [main] INFO  org.testng.internal.Utils - [Utils] MethodGroupsHelper.sortMethods() took 0 ms.
05:10:22:372 [main] INFO  org.testng.internal.Utils - [Utils] MethodGroupsHelper.collectMethodsByGroup() took 0 ms.
05:10:22:373 [main] INFO  org.testng.internal.Utils - [Utils] MethodGroupsHelper.sortMethods() took 0 ms.
05:10:22:381 [main] INFO  org.testng.internal.Utils - [Utils] MethodGroupsHelper.collectMethodsByGroup() took 5 ms.
05:10:22:389 [main] INFO  org.testng.internal.Utils - [Utils] MethodGroupsHelper.sortMethods() took 7 ms.
05:10:22:391 [main] INFO  org.testng.internal.Utils - [Utils] MethodGroupsHelper.collectMethodsByGroup() took 0 ms.
05:10:22:391 [main] INFO  org.testng.internal.Utils - [Utils] MethodGroupsHelper.sortMethods() took 0 ms.
05:10:22:392 [main] INFO  org.testng.internal.Utils - [Utils] MethodGroupsHelper.collectMethodsByGroup() took 0 ms.
05:10:22:392 [main] INFO  org.testng.internal.Utils - [Utils] MethodGroupsHelper.sortMethods() took 0 ms.
